<?xml version="1.0" encoding="UTF-8"?>
<testng-results ignored="0" total="2" passed="1" failed="1" skipped="0">
  <reporter-output>
  </reporter-output>
  <suite started-at="2022-12-08T15:21:04 IST" name="Suite" finished-at="2022-12-08T15:22:19 IST" duration-ms="75211">
    <groups>
    </groups>
    <test started-at="2022-12-08T15:21:04 IST" name="chromeTest" finished-at="2022-12-08T15:21:43 IST" duration-ms="38995">
      <class name="automation.testscript.CustomerCreation">
        <test-method is-config="true" signature="launchBrowser(java.lang.String)[pri:0, instance:automation.testscript.CustomerCreation@10e31a9a]" started-at="2022-12-08T15:21:04 IST" name="launchBrowser" finished-at="2022-12-08T15:21:07 IST" duration-ms="3545" status="PASS">
          <params>
            <param index="0">
              <value>
                <![CDATA[chrome]]>
              </value>
            </param>
          </params>
          <reporter-output>
          </reporter-output>
        </test-method> <!-- launchBrowser -->
        <test-method is-config="true" signature="login()[pri:0, instance:automation.testscript.CustomerCreation@10e31a9a]" started-at="2022-12-08T15:21:07 IST" name="login" finished-at="2022-12-08T15:21:16 IST" duration-ms="9137" status="PASS">
          <reporter-output>
          </reporter-output>
        </test-method> <!-- login -->
        <test-method signature="CreateCustomer()[pri:0, instance:automation.testscript.CustomerCreation@10e31a9a]" started-at="2022-12-08T15:21:16 IST" name="CreateCustomer" finished-at="2022-12-08T15:21:25 IST" duration-ms="8191" status="PASS">
          <reporter-output>
          </reporter-output>
        </test-method> <!-- CreateCustomer -->
        <test-method is-config="true" signature="logout()[pri:0, instance:automation.testscript.CustomerCreation@10e31a9a]" started-at="2022-12-08T15:21:25 IST" name="logout" finished-at="2022-12-08T15:21:26 IST" duration-ms="1914" status="PASS">
          <reporter-output>
          </reporter-output>
        </test-method> <!-- logout -->
        <test-method is-config="true" signature="closeBrowser()[pri:0, instance:automation.testscript.CustomerCreation@10e31a9a]" started-at="2022-12-08T15:21:26 IST" name="closeBrowser" finished-at="2022-12-08T15:21:43 IST" duration-ms="16158" status="PASS">
          <reporter-output>
          </reporter-output>
        </test-method> <!-- closeBrowser -->
      </class> <!-- automation.testscript.CustomerCreation -->
    </test> <!-- chromeTest -->
    <test started-at="2022-12-08T15:21:43 IST" name="edgeTest" finished-at="2022-12-08T15:22:19 IST" duration-ms="36190">
      <class name="automation.testscript.CustomerCreation">
        <test-method is-config="true" signature="launchBrowser(java.lang.String)[pri:0, instance:automation.testscript.CustomerCreation@47eaca72]" started-at="2022-12-08T15:21:43 IST" name="launchBrowser" finished-at="2022-12-08T15:21:44 IST" duration-ms="1666" status="PASS">
          <params>
            <param index="0">
              <value>
                <![CDATA[edge]]>
              </value>
            </param>
          </params>
          <reporter-output>
          </reporter-output>
        </test-method> <!-- launchBrowser -->
        <test-method is-config="true" signature="login()[pri:0, instance:automation.testscript.CustomerCreation@47eaca72]" started-at="2022-12-08T15:21:44 IST" name="login" finished-at="2022-12-08T15:21:59 IST" duration-ms="15063" status="PASS">
          <reporter-output>
          </reporter-output>
        </test-method> <!-- login -->
        <test-method signature="CreateCustomer()[pri:0, instance:automation.testscript.CustomerCreation@47eaca72]" started-at="2022-12-08T15:21:59 IST" name="CreateCustomer" finished-at="2022-12-08T15:22:18 IST" duration-ms="18217" status="FAIL">
          <exception class="org.openqa.selenium.TimeoutException">
            <message>
              <![CDATA[Expected condition failed: waiting for text ('Anirudh2252') to be present in element found by By.cssSelector: .titleEditButtonContainer>.title (tried for 10 second(s) with 500 milliseconds interval)
Build info: version: '4.4.0', revision: 'e5c75ed026a'
System info: host: 'DESKTOP-64G5VC5', ip: '192.168.0.178', os.name: 'Windows 11', os.arch: 'amd64', os.version: '10.0', java.version: '18.0.1.1'
Driver info: org.openqa.selenium.edge.EdgeDriver
Capabilities {acceptInsecureCerts: false, browserName: msedge, browserVersion: 108.0.1462.42, ms:edgeOptions: {debuggerAddress: localhost:64412}, msedge: {msedgedriverVersion: 107.0.1418.42 (5ed2a3ace08d..., userDataDir: C:\Users\User\AppData\Local...}, networkConnectionEnabled: false, pageLoadStrategy: normal, platformName: WINDOWS, proxy: Proxy(), se:cdp: ws://localhost:64412/devtoo..., se:cdpVersion: 108.0.1462.42, setWindowRect: true, strictFileInteractability: false, timeouts: {implicit: 0, pageLoad: 300000, script: 30000}, unhandledPromptBehavior: dismiss and notify, webauthn:extension:credBlob: true, webauthn:extension:largeBlob: true, webauthn:virtualAuthenticators: true}
Session ID: c93227e0445bbd1ff337c0637c7ee537]]>
            </message>
            <full-stacktrace>
              <![CDATA[org.openqa.selenium.TimeoutException: Expected condition failed: waiting for text ('Anirudh2252') to be present in element found by By.cssSelector: .titleEditButtonContainer>.title (tried for 10 second(s) with 500 milliseconds interval)
Build info: version: '4.4.0', revision: 'e5c75ed026a'
System info: host: 'DESKTOP-64G5VC5', ip: '192.168.0.178', os.name: 'Windows 11', os.arch: 'amd64', os.version: '10.0', java.version: '18.0.1.1'
Driver info: org.openqa.selenium.edge.EdgeDriver
Capabilities {acceptInsecureCerts: false, browserName: msedge, browserVersion: 108.0.1462.42, ms:edgeOptions: {debuggerAddress: localhost:64412}, msedge: {msedgedriverVersion: 107.0.1418.42 (5ed2a3ace08d..., userDataDir: C:\Users\User\AppData\Local...}, networkConnectionEnabled: false, pageLoadStrategy: normal, platformName: WINDOWS, proxy: Proxy(), se:cdp: ws://localhost:64412/devtoo..., se:cdpVersion: 108.0.1462.42, setWindowRect: true, strictFileInteractability: false, timeouts: {implicit: 0, pageLoad: 300000, script: 30000}, unhandledPromptBehavior: dismiss and notify, webauthn:extension:credBlob: true, webauthn:extension:largeBlob: true, webauthn:virtualAuthenticators: true}
Session ID: c93227e0445bbd1ff337c0637c7ee537
at org.openqa.selenium.support.ui.WebDriverWait.timeoutException(WebDriverWait.java:87)
at org.openqa.selenium.support.ui.FluentWait.until(FluentWait.java:231)
at automation.testscript.CustomerCreation.CreateCustomer(CustomerCreation.java:31)
at java.base/jdk.internal.reflect.DirectMethodHandleAccessor.invoke(DirectMethodHandleAccessor.java:104)
at java.base/java.lang.reflect.Method.invoke(Method.java:577)
at org.testng.internal.MethodInvocationHelper.invokeMethod(MethodInvocationHelper.java:133)
at org.testng.internal.TestInvoker.invokeMethod(TestInvoker.java:598)
at org.testng.internal.TestInvoker.invokeTestMethod(TestInvoker.java:173)
at org.testng.internal.MethodRunner.runInSequence(MethodRunner.java:46)
at org.testng.internal.TestInvoker$MethodInvocationAgent.invoke(TestInvoker.java:824)
at org.testng.internal.TestInvoker.invokeTestMethods(TestInvoker.java:146)
at org.testng.internal.TestMethodWorker.invokeTestMethods(TestMethodWorker.java:146)
at org.testng.internal.TestMethodWorker.run(TestMethodWorker.java:128)
at java.base/java.util.concurrent.ThreadPoolExecutor.runWorker(ThreadPoolExecutor.java:1136)
at java.base/java.util.concurrent.ThreadPoolExecutor$Worker.run(ThreadPoolExecutor.java:635)
at java.base/java.lang.Thread.run(Thread.java:833)
]]>
            </full-stacktrace>
          </exception> <!-- org.openqa.selenium.TimeoutException -->
          <reporter-output>
          </reporter-output>
        </test-method> <!-- CreateCustomer -->
        <test-method is-config="true" signature="logout()[pri:0, instance:automation.testscript.CustomerCreation@47eaca72]" started-at="2022-12-08T15:22:18 IST" name="logout" finished-at="2022-12-08T15:22:19 IST" duration-ms="1097" status="FAIL">
          <exception class="org.openqa.selenium.ElementClickInterceptedException">
            <message>
              <![CDATA[element click intercepted: Element <a href="/logout.do" id="logoutLink" class="logout">...</a> is not clickable at point (1432, 17). Other element would receive the click: <img src="/img/default/dialogs/exitconfirm/shade.png?hash=1846506722" id="muar" style="display: block;">
  (Session info: MicrosoftEdge=108.0.1462.42)
Build info: version: '4.4.0', revision: 'e5c75ed026a'
System info: host: 'DESKTOP-64G5VC5', ip: '192.168.0.178', os.name: 'Windows 11', os.arch: 'amd64', os.version: '10.0', java.version: '18.0.1.1'
Driver info: org.openqa.selenium.edge.EdgeDriver
Command: [c93227e0445bbd1ff337c0637c7ee537, clickElement {id=1ecd89dc-34ab-43d9-8a6c-2e8bc924f554}]
Capabilities {acceptInsecureCerts: false, browserName: msedge, browserVersion: 108.0.1462.42, ms:edgeOptions: {debuggerAddress: localhost:64412}, msedge: {msedgedriverVersion: 107.0.1418.42 (5ed2a3ace08d..., userDataDir: C:\Users\User\AppData\Local...}, networkConnectionEnabled: false, pageLoadStrategy: normal, platformName: WINDOWS, proxy: Proxy(), se:cdp: ws://localhost:64412/devtoo..., se:cdpVersion: 108.0.1462.42, setWindowRect: true, strictFileInteractability: false, timeouts: {implicit: 0, pageLoad: 300000, script: 30000}, unhandledPromptBehavior: dismiss and notify, webauthn:extension:credBlob: true, webauthn:extension:largeBlob: true, webauthn:virtualAuthenticators: true}
Element: [[EdgeDriver: msedge on WINDOWS (c93227e0445bbd1ff337c0637c7ee537)] -> id: logoutLink]
Session ID: c93227e0445bbd1ff337c0637c7ee537]]>
            </message>
            <full-stacktrace>
              <![CDATA[org.openqa.selenium.ElementClickInterceptedException: element click intercepted: Element <a href="/logout.do" id="logoutLink" class="logout">...</a> is not clickable at point (1432, 17). Other element would receive the click: <img src="/img/default/dialogs/exitconfirm/shade.png?hash=1846506722" id="muar" style="display: block;">
  (Session info: MicrosoftEdge=108.0.1462.42)
Build info: version: '4.4.0', revision: 'e5c75ed026a'
System info: host: 'DESKTOP-64G5VC5', ip: '192.168.0.178', os.name: 'Windows 11', os.arch: 'amd64', os.version: '10.0', java.version: '18.0.1.1'
Driver info: org.openqa.selenium.edge.EdgeDriver
Command: [c93227e0445bbd1ff337c0637c7ee537, clickElement {id=1ecd89dc-34ab-43d9-8a6c-2e8bc924f554}]
Capabilities {acceptInsecureCerts: false, browserName: msedge, browserVersion: 108.0.1462.42, ms:edgeOptions: {debuggerAddress: localhost:64412}, msedge: {msedgedriverVersion: 107.0.1418.42 (5ed2a3ace08d..., userDataDir: C:\Users\User\AppData\Local...}, networkConnectionEnabled: false, pageLoadStrategy: normal, platformName: WINDOWS, proxy: Proxy(), se:cdp: ws://localhost:64412/devtoo..., se:cdpVersion: 108.0.1462.42, setWindowRect: true, strictFileInteractability: false, timeouts: {implicit: 0, pageLoad: 300000, script: 30000}, unhandledPromptBehavior: dismiss and notify, webauthn:extension:credBlob: true, webauthn:extension:largeBlob: true, webauthn:virtualAuthenticators: true}
Element: [[EdgeDriver: msedge on WINDOWS (c93227e0445bbd1ff337c0637c7ee537)] -> id: logoutLink]
Session ID: c93227e0445bbd1ff337c0637c7ee537
at java.base/jdk.internal.reflect.DirectConstructorHandleAccessor.newInstance(DirectConstructorHandleAccessor.java:67)
at java.base/java.lang.reflect.Constructor.newInstanceWithCaller(Constructor.java:499)
at java.base/java.lang.reflect.Constructor.newInstance(Constructor.java:483)
at org.openqa.selenium.remote.codec.w3c.W3CHttpResponseCodec.createException(W3CHttpResponseCodec.java:200)
at org.openqa.selenium.remote.codec.w3c.W3CHttpResponseCodec.decode(W3CHttpResponseCodec.java:133)
at org.openqa.selenium.remote.codec.w3c.W3CHttpResponseCodec.decode(W3CHttpResponseCodec.java:53)
at org.openqa.selenium.remote.HttpCommandExecutor.execute(HttpCommandExecutor.java:184)
at org.openqa.selenium.remote.service.DriverCommandExecutor.invokeExecute(DriverCommandExecutor.java:167)
at org.openqa.selenium.remote.service.DriverCommandExecutor.execute(DriverCommandExecutor.java:142)
at org.openqa.selenium.remote.RemoteWebDriver.execute(RemoteWebDriver.java:547)
at org.openqa.selenium.remote.RemoteWebElement.execute(RemoteWebElement.java:257)
at org.openqa.selenium.remote.RemoteWebElement.click(RemoteWebElement.java:78)
at automation.genericLib.BaseClass.logout(BaseClass.java:47)
at java.base/jdk.internal.reflect.DirectMethodHandleAccessor.invoke(DirectMethodHandleAccessor.java:104)
at java.base/java.lang.reflect.Method.invoke(Method.java:577)
at org.testng.internal.MethodInvocationHelper.invokeMethod(MethodInvocationHelper.java:133)
at org.testng.internal.MethodInvocationHelper.invokeMethodConsideringTimeout(MethodInvocationHelper.java:62)
at org.testng.internal.ConfigInvoker.invokeConfigurationMethod(ConfigInvoker.java:385)
at org.testng.internal.ConfigInvoker.invokeConfigurations(ConfigInvoker.java:321)
at org.testng.internal.TestInvoker.runConfigMethods(TestInvoker.java:700)
at org.testng.internal.TestInvoker.runAfterGroupsConfigurations(TestInvoker.java:676)
at org.testng.internal.TestInvoker.invokeMethod(TestInvoker.java:660)
at org.testng.internal.TestInvoker.invokeTestMethod(TestInvoker.java:173)
at org.testng.internal.MethodRunner.runInSequence(MethodRunner.java:46)
at org.testng.internal.TestInvoker$MethodInvocationAgent.invoke(TestInvoker.java:824)
at org.testng.internal.TestInvoker.invokeTestMethods(TestInvoker.java:146)
at org.testng.internal.TestMethodWorker.invokeTestMethods(TestMethodWorker.java:146)
at org.testng.internal.TestMethodWorker.run(TestMethodWorker.java:128)
at java.base/java.util.concurrent.ThreadPoolExecutor.runWorker(ThreadPoolExecutor.java:1136)
at java.base/java.util.concurrent.ThreadPoolExecutor$Worker.run(ThreadPoolExecutor.java:635)
at java.base/java.lang.Thread.run(Thread.java:833)
]]>
            </full-stacktrace>
          </exception> <!-- org.openqa.selenium.ElementClickInterceptedException -->
          <reporter-output>
          </reporter-output>
        </test-method> <!-- logout -->
        <test-method is-config="true" signature="closeBrowser()[pri:0, instance:automation.testscript.CustomerCreation@47eaca72]" started-at="2022-12-08T15:22:19 IST" name="closeBrowser" finished-at="2022-12-08T15:22:19 IST" duration-ms="140" status="PASS">
          <reporter-output>
          </reporter-output>
        </test-method> <!-- closeBrowser -->
      </class> <!-- automation.testscript.CustomerCreation -->
    </test> <!-- edgeTest -->
  </suite> <!-- Suite -->
</testng-results>
